Student Informations add System/app/build/intermediates/manifest_merge_blame_file/debug/manifest-merger-blame-debug-report.txt
1<?xml version="1.0" encoding="utf-8"?>
2<manifest xmlns:android="http://schemas.android.com/apk/res/android"
3    package="com.delaroystudios.studentmgt"
4    android:versionCode="1"
5    android:versionName="1.0" >
6
7    <uses-sdk
7-->src\main\AndroidManifest.xml:7:5-9:41
8        android:minSdkVersion="8"
8-->src\main\AndroidManifest.xml:8:9-34
9        android:targetSdkVersion="17" />
9-->src\main\AndroidManifest.xml:9:9-38
10
11    <application
11-->src\main\AndroidManifest.xml:11:5-24:19
12        android:allowBackup="true"
12-->src\main\AndroidManifest.xml:12:9-35
13        android:debuggable="true"
14        android:label="@string/app_name"
14-->src\main\AndroidManifest.xml:13:9-41
15        android:testOnly="true"
16        android:theme="@style/AppTheme" >
16-->src\main\AndroidManifest.xml:14:9-40
17        <activity
17-->src\main\AndroidManifest.xml:15:9-23:20
18            android:name="com.delaroystudios.studentmgt.StudentMainActivity"
18-->src\main\AndroidManifest.xml:16:13-77
19            android:label="@string/app_name" >
19-->src\main\AndroidManifest.xml:17:13-45
20            <intent-filter>
20-->src\main\AndroidManifest.xml:18:13-22:29
21                <action android:name="android.intent.action.MAIN" />
21-->src\main\AndroidManifest.xml:19:17-69
21-->src\main\AndroidManifest.xml:19:25-66
22
23                <category android:name="android.intent.category.LAUNCHER" />
23-->src\main\AndroidManifest.xml:21:17-77
23-->src\main\AndroidManifest.xml:21:27-74
24            </intent-filter>
25        </activity>
26    </application>
27
28</manifest>